The target system is: Generic -  - arm
The host system is: Linux - 5.15.0-69-generic - x86_64
Compiling the C compiler identification source file "CMakeCCompilerId.c" succeeded.
Compiler: /home/vishnu/tools/toolchains/gcc-arm-none-eabi-9-2020-q2-update/bin/arm-none-eabi-gcc 
Build flags: 
Id flags: -c 

The output was:
0


Compilation of the C compiler identification source "CMakeCCompilerId.c" produced "CMakeCCompilerId.o"

The C compiler identification is GNU, found in "/home/Ancit/Git_STM_cmake_gtest/STM32F1_cmake_gtest/stm32-cmake-blinking-led/build/stm32/src/stm32-build/CMakeFiles/3.16.3/CompilerIdC/CMakeCCompilerId.o"

Compiling the CXX compiler identification source file "CMakeCXXCompilerId.cpp" succeeded.
Compiler: /home/vishnu/tools/toolchains/gcc-arm-none-eabi-9-2020-q2-update/bin/arm-none-eabi-g++ 
Build flags: 
Id flags: -c 

The output was:
0


Compilation of the CXX compiler identification source "CMakeCXXCompilerId.cpp" produced "CMakeCXXCompilerId.o"

The CXX compiler identification is GNU, found in "/home/Ancit/Git_STM_cmake_gtest/STM32F1_cmake_gtest/stm32-cmake-blinking-led/build/stm32/src/stm32-build/CMakeFiles/3.16.3/CompilerIdCXX/CMakeCXXCompilerId.o"

Checking whether the ASM compiler is GNU using "--version" matched "(GNU assembler)|(GCC)|(Free Software Foundation)":
arm-none-eabi-gcc (GNU Arm Embedded Toolchain 9-2020-q2-update) 9.3.1 20200408 (release)
Copyright (C) 2019 Free Software Foundation, Inc.
This is free software; see the source for copying conditions.  There is NO
warranty; not even for MERCHANTABILITY or FITNESS FOR A PARTICULAR PURPOSE.

Determining if the C compiler works passed with the following output:
Change Dir: /home/Ancit/Git_STM_cmake_gtest/STM32F1_cmake_gtest/stm32-cmake-blinking-led/build/stm32/src/stm32-build/CMakeFiles/CMakeTmp

Run Build Command(s):/usr/bin/make cmTC_27e41/fast && make[3]: Entering directory '/home/Ancit/Git_STM_cmake_gtest/STM32F1_cmake_gtest/stm32-cmake-blinking-led/build/stm32/src/stm32-build/CMakeFiles/CMakeTmp'
/usr/bin/make -f CMakeFiles/cmTC_27e41.dir/build.make CMakeFiles/cmTC_27e41.dir/build
make[4]: Entering directory '/home/Ancit/Git_STM_cmake_gtest/STM32F1_cmake_gtest/stm32-cmake-blinking-led/build/stm32/src/stm32-build/CMakeFiles/CMakeTmp'
Building C object CMakeFiles/cmTC_27e41.dir/testCCompiler.c.obj
/home/vishnu/tools/toolchains/gcc-arm-none-eabi-9-2020-q2-update/bin/arm-none-eabi-gcc   -mcpu=cortex-m3 -mfloat-abi=soft -mabi=aapcs -mthumb -std=gnu11 -fno-builtin -Wall -Werror -Wfatal-errors -ffunction-sections -fdata-sections -fno-exceptions -fstack-usage --specs=nano.specs -fomit-frame-pointer -fno-unroll-loops -ffast-math -ftree-vectorize    -o CMakeFiles/cmTC_27e41.dir/testCCompiler.c.obj   -c /home/Ancit/Git_STM_cmake_gtest/STM32F1_cmake_gtest/stm32-cmake-blinking-led/build/stm32/src/stm32-build/CMakeFiles/CMakeTmp/testCCompiler.c
Linking C static library libcmTC_27e41.a
/usr/bin/cmake -P CMakeFiles/cmTC_27e41.dir/cmake_clean_target.cmake
/usr/bin/cmake -E cmake_link_script CMakeFiles/cmTC_27e41.dir/link.txt --verbose=1
/home/vishnu/tools/toolchains/gcc-arm-none-eabi-9-2020-q2-update/bin/arm-none-eabi-ar qc libcmTC_27e41.a  CMakeFiles/cmTC_27e41.dir/testCCompiler.c.obj
/home/vishnu/tools/toolchains/gcc-arm-none-eabi-9-2020-q2-update/bin/arm-none-eabi-ranlib libcmTC_27e41.a
make[4]: Leaving directory '/home/Ancit/Git_STM_cmake_gtest/STM32F1_cmake_gtest/stm32-cmake-blinking-led/build/stm32/src/stm32-build/CMakeFiles/CMakeTmp'
make[3]: Leaving directory '/home/Ancit/Git_STM_cmake_gtest/STM32F1_cmake_gtest/stm32-cmake-blinking-led/build/stm32/src/stm32-build/CMakeFiles/CMakeTmp'



Detecting C compiler ABI info compiled with the following output:
Change Dir: /home/Ancit/Git_STM_cmake_gtest/STM32F1_cmake_gtest/stm32-cmake-blinking-led/build/stm32/src/stm32-build/CMakeFiles/CMakeTmp

Run Build Command(s):/usr/bin/make cmTC_b1009/fast && make[3]: Entering directory '/home/Ancit/Git_STM_cmake_gtest/STM32F1_cmake_gtest/stm32-cmake-blinking-led/build/stm32/src/stm32-build/CMakeFiles/CMakeTmp'
/usr/bin/make -f CMakeFiles/cmTC_b1009.dir/build.make CMakeFiles/cmTC_b1009.dir/build
make[4]: Entering directory '/home/Ancit/Git_STM_cmake_gtest/STM32F1_cmake_gtest/stm32-cmake-blinking-led/build/stm32/src/stm32-build/CMakeFiles/CMakeTmp'
Building C object CMakeFiles/cmTC_b1009.dir/CMakeCCompilerABI.c.obj
/home/vishnu/tools/toolchains/gcc-arm-none-eabi-9-2020-q2-update/bin/arm-none-eabi-gcc   -mcpu=cortex-m3 -mfloat-abi=soft -mabi=aapcs -mthumb -std=gnu11 -fno-builtin -Wall -Werror -Wfatal-errors -ffunction-sections -fdata-sections -fno-exceptions -fstack-usage --specs=nano.specs -fomit-frame-pointer -fno-unroll-loops -ffast-math -ftree-vectorize    -v -o CMakeFiles/cmTC_b1009.dir/CMakeCCompilerABI.c.obj   -c /usr/share/cmake-3.16/Modules/CMakeCCompilerABI.c
Using built-in specs.
Reading specs from /home/vishnu/tools/toolchains/gcc-arm-none-eabi-9-2020-q2-update/bin/../lib/gcc/arm-none-eabi/9.3.1/../../../../arm-none-eabi/lib/nano.specs
rename spec link to nano_link
rename spec link_gcc_c_sequence to nano_link_gcc_c_sequence
rename spec cpp_unique_options to nano_cpp_unique_options
COLLECT_GCC=/home/vishnu/tools/toolchains/gcc-arm-none-eabi-9-2020-q2-update/bin/arm-none-eabi-gcc
Target: arm-none-eabi
Configured with: /mnt/workspace/workspace/GCC-9-pipeline/jenkins-GCC-9-pipeline-200_20200521_1590053374/src/gcc/configure --target=arm-none-eabi --prefix=/mnt/workspace/workspace/GCC-9-pipeline/jenkins-GCC-9-pipeline-200_20200521_1590053374/install-native --libexecdir=/mnt/workspace/workspace/GCC-9-pipeline/jenkins-GCC-9-pipeline-200_20200521_1590053374/install-native/lib --infodir=/mnt/workspace/workspace/GCC-9-pipeline/jenkins-GCC-9-pipeline-200_20200521_1590053374/install-native/share/doc/gcc-arm-none-eabi/info --mandir=/mnt/workspace/workspace/GCC-9-pipeline/jenkins-GCC-9-pipeline-200_20200521_1590053374/install-native/share/doc/gcc-arm-none-eabi/man --htmldir=/mnt/workspace/workspace/GCC-9-pipeline/jenkins-GCC-9-pipeline-200_20200521_1590053374/install-native/share/doc/gcc-arm-none-eabi/html --pdfdir=/mnt/workspace/workspace/GCC-9-pipeline/jenkins-GCC-9-pipeline-200_20200521_1590053374/install-native/share/doc/gcc-arm-none-eabi/pdf --enable-languages=c,c++ --enable-plugins --disable-decimal-float --disable-libffi --disable-libgomp --disable-libmudflap --disable-libquadmath --disable-libssp --disable-libstdcxx-pch --disable-nls --disable-shared --disable-threads --disable-tls --with-gnu-as --with-gnu-ld --with-newlib --with-headers=yes --with-python-dir=share/gcc-arm-none-eabi --with-sysroot=/mnt/workspace/workspace/GCC-9-pipeline/jenkins-GCC-9-pipeline-200_20200521_1590053374/install-native/arm-none-eabi --build=x86_64-linux-gnu --host=x86_64-linux-gnu --with-gmp=/mnt/workspace/workspace/GCC-9-pipeline/jenkins-GCC-9-pipeline-200_20200521_1590053374/build-native/host-libs/usr --with-mpfr=/mnt/workspace/workspace/GCC-9-pipeline/jenkins-GCC-9-pipeline-200_20200521_1590053374/build-native/host-libs/usr --with-mpc=/mnt/workspace/workspace/GCC-9-pipeline/jenkins-GCC-9-pipeline-200_20200521_1590053374/build-native/host-libs/usr --with-isl=/mnt/workspace/workspace/GCC-9-pipeline/jenkins-GCC-9-pipeline-200_20200521_1590053374/build-native/host-libs/usr --with-libelf=/mnt/workspace/workspace/GCC-9-pipeline/jenkins-GCC-9-pipeline-200_20200521_1590053374/build-native/host-libs/usr --with-host-libstdcxx='-static-libgcc -Wl,-Bstatic,-lstdc++,-Bdynamic -lm' --with-pkgversion='GNU Arm Embedded Toolchain 9-2020-q2-update' --with-multilib-list=rmprofile,aprofile
Thread model: single
gcc version 9.3.1 20200408 (release) (GNU Arm Embedded Toolchain 9-2020-q2-update) 
COLLECT_GCC_OPTIONS='-mcpu=cortex-m3' '-mfloat-abi=soft' '-mabi=aapcs' '-mthumb' '-std=gnu11' '-fno-builtin' '-Wall' '-Werror' '-Wfatal-errors' '-ffunction-sections' '-fdata-sections' '-fno-exceptions' '-fstack-usage' '-specs=nano.specs' '-fomit-frame-pointer' '-fno-unroll-loops' '-ffast-math' '-ftree-vectorize' '-v' '-o' 'CMakeFiles/cmTC_b1009.dir/CMakeCCompilerABI.c.obj' '-c' '-march=armv7-m'
 /home/vishnu/tools/toolchains/gcc-arm-none-eabi-9-2020-q2-update/bin/../lib/gcc/arm-none-eabi/9.3.1/cc1 -isystem =/include/newlib-nano -quiet -v -imultilib thumb/v7-m/nofp -iprefix /home/vishnu/tools/toolchains/gcc-arm-none-eabi-9-2020-q2-update/bin/../lib/gcc/arm-none-eabi/9.3.1/ -isysroot /home/vishnu/tools/toolchains/gcc-arm-none-eabi-9-2020-q2-update/bin/../arm-none-eabi -D__USES_INITFINI__ /usr/share/cmake-3.16/Modules/CMakeCCompilerABI.c -quiet -dumpbase CMakeCCompilerABI.c -mcpu=cortex-m3 -mfloat-abi=soft -mabi=aapcs -mthumb -march=armv7-m -auxbase-strip CMakeFiles/cmTC_b1009.dir/CMakeCCompilerABI.c.obj -Wall -Werror -Wfatal-errors -std=gnu11 -version -fno-builtin -ffunction-sections -fdata-sections -fno-exceptions -fstack-usage -fomit-frame-pointer -fno-unroll-loops -ffast-math -ftree-vectorize -o /tmp/ccwHgOst.s
GNU C11 (GNU Arm Embedded Toolchain 9-2020-q2-update) version 9.3.1 20200408 (release) (arm-none-eabi)
	compiled by GNU C version 4.8.4, GMP version 6.1.0, MPFR version 3.1.4, MPC version 1.0.3, isl version isl-0.18-GMP

GGC heuristics: --param ggc-min-expand=100 --param ggc-min-heapsize=131072
ignoring duplicate directory "/home/vishnu/tools/toolchains/gcc-arm-none-eabi-9-2020-q2-update/bin/../lib/gcc/../../lib/gcc/arm-none-eabi/9.3.1/include"
ignoring nonexistent directory "/home/vishnu/tools/toolchains/gcc-arm-none-eabi-9-2020-q2-update/bin/../arm-none-eabi/usr/local/include"
ignoring duplicate directory "/home/vishnu/tools/toolchains/gcc-arm-none-eabi-9-2020-q2-update/bin/../lib/gcc/../../lib/gcc/arm-none-eabi/9.3.1/include-fixed"
ignoring duplicate directory "/home/vishnu/tools/toolchains/gcc-arm-none-eabi-9-2020-q2-update/bin/../lib/gcc/../../lib/gcc/arm-none-eabi/9.3.1/../../../../arm-none-eabi/include"
ignoring nonexistent directory "/home/vishnu/tools/toolchains/gcc-arm-none-eabi-9-2020-q2-update/bin/../arm-none-eabi/usr/include"
#include "..." search starts here:
#include <...> search starts here:
 /home/vishnu/tools/toolchains/gcc-arm-none-eabi-9-2020-q2-update/bin/../arm-none-eabi/include/newlib-nano
 /home/vishnu/tools/toolchains/gcc-arm-none-eabi-9-2020-q2-update/bin/../lib/gcc/arm-none-eabi/9.3.1/include
 /home/vishnu/tools/toolchains/gcc-arm-none-eabi-9-2020-q2-update/bin/../lib/gcc/arm-none-eabi/9.3.1/include-fixed
 /home/vishnu/tools/toolchains/gcc-arm-none-eabi-9-2020-q2-update/bin/../lib/gcc/arm-none-eabi/9.3.1/../../../../arm-none-eabi/include
End of search list.
GNU C11 (GNU Arm Embedded Toolchain 9-2020-q2-update) version 9.3.1 20200408 (release) (arm-none-eabi)
	compiled by GNU C version 4.8.4, GMP version 6.1.0, MPFR version 3.1.4, MPC version 1.0.3, isl version isl-0.18-GMP

GGC heuristics: --param ggc-min-expand=100 --param ggc-min-heapsize=131072
Compiler executable checksum: 17f1e178bf798cb7013d26242c30c1f0
COLLECT_GCC_OPTIONS='-mcpu=cortex-m3' '-mfloat-abi=soft' '-mabi=aapcs' '-mthumb' '-std=gnu11' '-fno-builtin' '-Wall' '-Werror' '-Wfatal-errors' '-ffunction-sections' '-fdata-sections' '-fno-exceptions' '-fstack-usage' '-specs=nano.specs' '-fomit-frame-pointer' '-fno-unroll-loops' '-ffast-math' '-ftree-vectorize' '-v' '-o' 'CMakeFiles/cmTC_b1009.dir/CMakeCCompilerABI.c.obj' '-c' '-march=armv7-m'
 /home/vishnu/tools/toolchains/gcc-arm-none-eabi-9-2020-q2-update/bin/../lib/gcc/arm-none-eabi/9.3.1/../../../../arm-none-eabi/bin/as -v -march=armv7-m -mfloat-abi=soft -meabi=5 -o CMakeFiles/cmTC_b1009.dir/CMakeCCompilerABI.c.obj /tmp/ccwHgOst.s
GNU assembler version 2.34.0 (arm-none-eabi) using BFD version (GNU Arm Embedded Toolchain 9-2020-q2-update) 2.34.0.20200428
COMPILER_PATH=/home/vishnu/tools/toolchains/gcc-arm-none-eabi-9-2020-q2-update/bin/../lib/gcc/arm-none-eabi/9.3.1/:/home/vishnu/tools/toolchains/gcc-arm-none-eabi-9-2020-q2-update/bin/../lib/gcc/:/home/vishnu/tools/toolchains/gcc-arm-none-eabi-9-2020-q2-update/bin/../lib/gcc/arm-none-eabi/9.3.1/../../../../arm-none-eabi/bin/
LIBRARY_PATH=/home/vishnu/tools/toolchains/gcc-arm-none-eabi-9-2020-q2-update/bin/../lib/gcc/arm-none-eabi/9.3.1/thumb/v7-m/nofp/:/home/vishnu/tools/toolchains/gcc-arm-none-eabi-9-2020-q2-update/bin/../lib/gcc/arm-none-eabi/9.3.1/../../../../arm-none-eabi/lib/thumb/v7-m/nofp/:/home/vishnu/tools/toolchains/gcc-arm-none-eabi-9-2020-q2-update/bin/../arm-none-eabi/lib/thumb/v7-m/nofp/:/home/vishnu/tools/toolchains/gcc-arm-none-eabi-9-2020-q2-update/bin/../lib/gcc/arm-none-eabi/9.3.1/:/home/vishnu/tools/toolchains/gcc-arm-none-eabi-9-2020-q2-update/bin/../lib/gcc/:/home/vishnu/tools/toolchains/gcc-arm-none-eabi-9-2020-q2-update/bin/../lib/gcc/arm-none-eabi/9.3.1/../../../../arm-none-eabi/lib/:/home/vishnu/tools/toolchains/gcc-arm-none-eabi-9-2020-q2-update/bin/../arm-none-eabi/lib/
COLLECT_GCC_OPTIONS='-mcpu=cortex-m3' '-mfloat-abi=soft' '-mabi=aapcs' '-mthumb' '-std=gnu11' '-fno-builtin' '-Wall' '-Werror' '-Wfatal-errors' '-ffunction-sections' '-fdata-sections' '-fno-exceptions' '-fstack-usage' '-specs=nano.specs' '-fomit-frame-pointer' '-fno-unroll-loops' '-ffast-math' '-ftree-vectorize' '-v' '-o' 'CMakeFiles/cmTC_b1009.dir/CMakeCCompilerABI.c.obj' '-c' '-march=armv7-m'
Linking C static library libcmTC_b1009.a
/usr/bin/cmake -P CMakeFiles/cmTC_b1009.dir/cmake_clean_target.cmake
/usr/bin/cmake -E cmake_link_script CMakeFiles/cmTC_b1009.dir/link.txt --verbose=1
/home/vishnu/tools/toolchains/gcc-arm-none-eabi-9-2020-q2-update/bin/arm-none-eabi-ar qc libcmTC_b1009.a  CMakeFiles/cmTC_b1009.dir/CMakeCCompilerABI.c.obj
/home/vishnu/tools/toolchains/gcc-arm-none-eabi-9-2020-q2-update/bin/arm-none-eabi-ranlib libcmTC_b1009.a
make[4]: Leaving directory '/home/Ancit/Git_STM_cmake_gtest/STM32F1_cmake_gtest/stm32-cmake-blinking-led/build/stm32/src/stm32-build/CMakeFiles/CMakeTmp'
make[3]: Leaving directory '/home/Ancit/Git_STM_cmake_gtest/STM32F1_cmake_gtest/stm32-cmake-blinking-led/build/stm32/src/stm32-build/CMakeFiles/CMakeTmp'



Parsed C implicit include dir info from above output: rv=done
  found start of include info
  found start of implicit include info
    add: [/home/vishnu/tools/toolchains/gcc-arm-none-eabi-9-2020-q2-update/bin/../arm-none-eabi/include/newlib-nano]
    add: [/home/vishnu/tools/toolchains/gcc-arm-none-eabi-9-2020-q2-update/bin/../lib/gcc/arm-none-eabi/9.3.1/include]
    add: [/home/vishnu/tools/toolchains/gcc-arm-none-eabi-9-2020-q2-update/bin/../lib/gcc/arm-none-eabi/9.3.1/include-fixed]
    add: [/home/vishnu/tools/toolchains/gcc-arm-none-eabi-9-2020-q2-update/bin/../lib/gcc/arm-none-eabi/9.3.1/../../../../arm-none-eabi/include]
  end of search list found
  collapse include dir [/home/vishnu/tools/toolchains/gcc-arm-none-eabi-9-2020-q2-update/bin/../arm-none-eabi/include/newlib-nano] ==> [/home/vishnu/tools/toolchains/gcc-arm-none-eabi-9-2020-q2-update/arm-none-eabi/include/newlib-nano]
  collapse include dir [/home/vishnu/tools/toolchains/gcc-arm-none-eabi-9-2020-q2-update/bin/../lib/gcc/arm-none-eabi/9.3.1/include] ==> [/home/vishnu/tools/toolchains/gcc-arm-none-eabi-9-2020-q2-update/lib/gcc/arm-none-eabi/9.3.1/include]
  collapse include dir [/home/vishnu/tools/toolchains/gcc-arm-none-eabi-9-2020-q2-update/bin/../lib/gcc/arm-none-eabi/9.3.1/include-fixed] ==> [/home/vishnu/tools/toolchains/gcc-arm-none-eabi-9-2020-q2-update/lib/gcc/arm-none-eabi/9.3.1/include-fixed]
  collapse include dir [/home/vishnu/tools/toolchains/gcc-arm-none-eabi-9-2020-q2-update/bin/../lib/gcc/arm-none-eabi/9.3.1/../../../../arm-none-eabi/include] ==> [/home/vishnu/tools/toolchains/gcc-arm-none-eabi-9-2020-q2-update/arm-none-eabi/include]
  implicit include dirs: [/home/vishnu/tools/toolchains/gcc-arm-none-eabi-9-2020-q2-update/arm-none-eabi/include/newlib-nano;/home/vishnu/tools/toolchains/gcc-arm-none-eabi-9-2020-q2-update/lib/gcc/arm-none-eabi/9.3.1/include;/home/vishnu/tools/toolchains/gcc-arm-none-eabi-9-2020-q2-update/lib/gcc/arm-none-eabi/9.3.1/include-fixed;/home/vishnu/tools/toolchains/gcc-arm-none-eabi-9-2020-q2-update/arm-none-eabi/include]


Parsed C implicit link information from above output:
  link line regex: [^( *|.*[/\])(arm-none-eabi-ld|CMAKE_LINK_STARTFILE-NOTFOUND|([^/\]+-)?ld|collect2)[^/\]*( |$)]
  ignore line: [Change Dir: /home/Ancit/Git_STM_cmake_gtest/STM32F1_cmake_gtest/stm32-cmake-blinking-led/build/stm32/src/stm32-build/CMakeFiles/CMakeTmp]
  ignore line: []
  ignore line: [Run Build Command(s):/usr/bin/make cmTC_b1009/fast && make[3]: Entering directory '/home/Ancit/Git_STM_cmake_gtest/STM32F1_cmake_gtest/stm32-cmake-blinking-led/build/stm32/src/stm32-build/CMakeFiles/CMakeTmp']
  ignore line: [/usr/bin/make -f CMakeFiles/cmTC_b1009.dir/build.make CMakeFiles/cmTC_b1009.dir/build]
  ignore line: [make[4]: Entering directory '/home/Ancit/Git_STM_cmake_gtest/STM32F1_cmake_gtest/stm32-cmake-blinking-led/build/stm32/src/stm32-build/CMakeFiles/CMakeTmp']
  ignore line: [Building C object CMakeFiles/cmTC_b1009.dir/CMakeCCompilerABI.c.obj]
  ignore line: [/home/vishnu/tools/toolchains/gcc-arm-none-eabi-9-2020-q2-update/bin/arm-none-eabi-gcc   -mcpu=cortex-m3 -mfloat-abi=soft -mabi=aapcs -mthumb -std=gnu11 -fno-builtin -Wall -Werror -Wfatal-errors -ffunction-sections -fdata-sections -fno-exceptions -fstack-usage --specs=nano.specs -fomit-frame-pointer -fno-unroll-loops -ffast-math -ftree-vectorize    -v -o CMakeFiles/cmTC_b1009.dir/CMakeCCompilerABI.c.obj   -c /usr/share/cmake-3.16/Modules/CMakeCCompilerABI.c]
  ignore line: [Using built-in specs.]
  ignore line: [Reading specs from /home/vishnu/tools/toolchains/gcc-arm-none-eabi-9-2020-q2-update/bin/../lib/gcc/arm-none-eabi/9.3.1/../../../../arm-none-eabi/lib/nano.specs]
  ignore line: [rename spec link to nano_link]
  ignore line: [rename spec link_gcc_c_sequence to nano_link_gcc_c_sequence]
  ignore line: [rename spec cpp_unique_options to nano_cpp_unique_options]
  ignore line: [COLLECT_GCC=/home/vishnu/tools/toolchains/gcc-arm-none-eabi-9-2020-q2-update/bin/arm-none-eabi-gcc]
  ignore line: [Target: arm-none-eabi]
  ignore line: [Configured with: /mnt/workspace/workspace/GCC-9-pipeline/jenkins-GCC-9-pipeline-200_20200521_1590053374/src/gcc/configure --target=arm-none-eabi --prefix=/mnt/workspace/workspace/GCC-9-pipeline/jenkins-GCC-9-pipeline-200_20200521_1590053374/install-native --libexecdir=/mnt/workspace/workspace/GCC-9-pipeline/jenkins-GCC-9-pipeline-200_20200521_1590053374/install-native/lib --infodir=/mnt/workspace/workspace/GCC-9-pipeline/jenkins-GCC-9-pipeline-200_20200521_1590053374/install-native/share/doc/gcc-arm-none-eabi/info --mandir=/mnt/workspace/workspace/GCC-9-pipeline/jenkins-GCC-9-pipeline-200_20200521_1590053374/install-native/share/doc/gcc-arm-none-eabi/man --htmldir=/mnt/workspace/workspace/GCC-9-pipeline/jenkins-GCC-9-pipeline-200_20200521_1590053374/install-native/share/doc/gcc-arm-none-eabi/html --pdfdir=/mnt/workspace/workspace/GCC-9-pipeline/jenkins-GCC-9-pipeline-200_20200521_1590053374/install-native/share/doc/gcc-arm-none-eabi/pdf --enable-languages=c,c++ --enable-plugins --disable-decimal-float --disable-libffi --disable-libgomp --disable-libmudflap --disable-libquadmath --disable-libssp --disable-libstdcxx-pch --disable-nls --disable-shared --disable-threads --disable-tls --with-gnu-as --with-gnu-ld --with-newlib --with-headers=yes --with-python-dir=share/gcc-arm-none-eabi --with-sysroot=/mnt/workspace/workspace/GCC-9-pipeline/jenkins-GCC-9-pipeline-200_20200521_1590053374/install-native/arm-none-eabi --build=x86_64-linux-gnu --host=x86_64-linux-gnu --with-gmp=/mnt/workspace/workspace/GCC-9-pipeline/jenkins-GCC-9-pipeline-200_20200521_1590053374/build-native/host-libs/usr --with-mpfr=/mnt/workspace/workspace/GCC-9-pipeline/jenkins-GCC-9-pipeline-200_20200521_1590053374/build-native/host-libs/usr --with-mpc=/mnt/workspace/workspace/GCC-9-pipeline/jenkins-GCC-9-pipeline-200_20200521_1590053374/build-native/host-libs/usr --with-isl=/mnt/workspace/workspace/GCC-9-pipeline/jenkins-GCC-9-pipeline-200_20200521_1590053374/build-native/host-libs/usr --with-libelf=/mnt/workspace/workspace/GCC-9-pipeline/jenkins-GCC-9-pipeline-200_20200521_1590053374/build-native/host-libs/usr --with-host-libstdcxx='-static-libgcc -Wl,-Bstatic,-lstdc++,-Bdynamic -lm' --with-pkgversion='GNU Arm Embedded Toolchain 9-2020-q2-update' --with-multilib-list=rmprofile,aprofile]
  ignore line: [Thread model: single]
  ignore line: [gcc version 9.3.1 20200408 (release) (GNU Arm Embedded Toolchain 9-2020-q2-update) ]
  ignore line: [COLLECT_GCC_OPTIONS='-mcpu=cortex-m3' '-mfloat-abi=soft' '-mabi=aapcs' '-mthumb' '-std=gnu11' '-fno-builtin' '-Wall' '-Werror' '-Wfatal-errors' '-ffunction-sections' '-fdata-sections' '-fno-exceptions' '-fstack-usage' '-specs=nano.specs' '-fomit-frame-pointer' '-fno-unroll-loops' '-ffast-math' '-ftree-vectorize' '-v' '-o' 'CMakeFiles/cmTC_b1009.dir/CMakeCCompilerABI.c.obj' '-c' '-march=armv7-m']
  ignore line: [ /home/vishnu/tools/toolchains/gcc-arm-none-eabi-9-2020-q2-update/bin/../lib/gcc/arm-none-eabi/9.3.1/cc1 -isystem =/include/newlib-nano -quiet -v -imultilib thumb/v7-m/nofp -iprefix /home/vishnu/tools/toolchains/gcc-arm-none-eabi-9-2020-q2-update/bin/../lib/gcc/arm-none-eabi/9.3.1/ -isysroot /home/vishnu/tools/toolchains/gcc-arm-none-eabi-9-2020-q2-update/bin/../arm-none-eabi -D__USES_INITFINI__ /usr/share/cmake-3.16/Modules/CMakeCCompilerABI.c -quiet -dumpbase CMakeCCompilerABI.c -mcpu=cortex-m3 -mfloat-abi=soft -mabi=aapcs -mthumb -march=armv7-m -auxbase-strip CMakeFiles/cmTC_b1009.dir/CMakeCCompilerABI.c.obj -Wall -Werror -Wfatal-errors -std=gnu11 -version -fno-builtin -ffunction-sections -fdata-sections -fno-exceptions -fstack-usage -fomit-frame-pointer -fno-unroll-loops -ffast-math -ftree-vectorize -o /tmp/ccwHgOst.s]
  ignore line: [GNU C11 (GNU Arm Embedded Toolchain 9-2020-q2-update) version 9.3.1 20200408 (release) (arm-none-eabi)]
  ignore line: [	compiled by GNU C version 4.8.4  GMP version 6.1.0  MPFR version 3.1.4  MPC version 1.0.3  isl version isl-0.18-GMP]
  ignore line: []
  ignore line: [GGC heuristics: --param ggc-min-expand=100 --param ggc-min-heapsize=131072]
  ignore line: [ignoring duplicate directory "/home/vishnu/tools/toolchains/gcc-arm-none-eabi-9-2020-q2-update/bin/../lib/gcc/../../lib/gcc/arm-none-eabi/9.3.1/include"]
  ignore line: [ignoring nonexistent directory "/home/vishnu/tools/toolchains/gcc-arm-none-eabi-9-2020-q2-update/bin/../arm-none-eabi/usr/local/include"]
  ignore line: [ignoring duplicate directory "/home/vishnu/tools/toolchains/gcc-arm-none-eabi-9-2020-q2-update/bin/../lib/gcc/../../lib/gcc/arm-none-eabi/9.3.1/include-fixed"]
  ignore line: [ignoring duplicate directory "/home/vishnu/tools/toolchains/gcc-arm-none-eabi-9-2020-q2-update/bin/../lib/gcc/../../lib/gcc/arm-none-eabi/9.3.1/../../../../arm-none-eabi/include"]
  ignore line: [ignoring nonexistent directory "/home/vishnu/tools/toolchains/gcc-arm-none-eabi-9-2020-q2-update/bin/../arm-none-eabi/usr/include"]
  ignore line: [#include "..." search starts here:]
  ignore line: [#include <...> search starts here:]
  ignore line: [ /home/vishnu/tools/toolchains/gcc-arm-none-eabi-9-2020-q2-update/bin/../arm-none-eabi/include/newlib-nano]
  ignore line: [ /home/vishnu/tools/toolchains/gcc-arm-none-eabi-9-2020-q2-update/bin/../lib/gcc/arm-none-eabi/9.3.1/include]
  ignore line: [ /home/vishnu/tools/toolchains/gcc-arm-none-eabi-9-2020-q2-update/bin/../lib/gcc/arm-none-eabi/9.3.1/include-fixed]
  ignore line: [ /home/vishnu/tools/toolchains/gcc-arm-none-eabi-9-2020-q2-update/bin/../lib/gcc/arm-none-eabi/9.3.1/../../../../arm-none-eabi/include]
  ignore line: [End of search list.]
  ignore line: [GNU C11 (GNU Arm Embedded Toolchain 9-2020-q2-update) version 9.3.1 20200408 (release) (arm-none-eabi)]
  ignore line: [	compiled by GNU C version 4.8.4  GMP version 6.1.0  MPFR version 3.1.4  MPC version 1.0.3  isl version isl-0.18-GMP]
  ignore line: []
  ignore line: [GGC heuristics: --param ggc-min-expand=100 --param ggc-min-heapsize=131072]
  ignore line: [Compiler executable checksum: 17f1e178bf798cb7013d26242c30c1f0]
  ignore line: [COLLECT_GCC_OPTIONS='-mcpu=cortex-m3' '-mfloat-abi=soft' '-mabi=aapcs' '-mthumb' '-std=gnu11' '-fno-builtin' '-Wall' '-Werror' '-Wfatal-errors' '-ffunction-sections' '-fdata-sections' '-fno-exceptions' '-fstack-usage' '-specs=nano.specs' '-fomit-frame-pointer' '-fno-unroll-loops' '-ffast-math' '-ftree-vectorize' '-v' '-o' 'CMakeFiles/cmTC_b1009.dir/CMakeCCompilerABI.c.obj' '-c' '-march=armv7-m']
  ignore line: [ /home/vishnu/tools/toolchains/gcc-arm-none-eabi-9-2020-q2-update/bin/../lib/gcc/arm-none-eabi/9.3.1/../../../../arm-none-eabi/bin/as -v -march=armv7-m -mfloat-abi=soft -meabi=5 -o CMakeFiles/cmTC_b1009.dir/CMakeCCompilerABI.c.obj /tmp/ccwHgOst.s]
  ignore line: [GNU assembler version 2.34.0 (arm-none-eabi) using BFD version (GNU Arm Embedded Toolchain 9-2020-q2-update) 2.34.0.20200428]
  ignore line: [COMPILER_PATH=/home/vishnu/tools/toolchains/gcc-arm-none-eabi-9-2020-q2-update/bin/../lib/gcc/arm-none-eabi/9.3.1/:/home/vishnu/tools/toolchains/gcc-arm-none-eabi-9-2020-q2-update/bin/../lib/gcc/:/home/vishnu/tools/toolchains/gcc-arm-none-eabi-9-2020-q2-update/bin/../lib/gcc/arm-none-eabi/9.3.1/../../../../arm-none-eabi/bin/]
  ignore line: [LIBRARY_PATH=/home/vishnu/tools/toolchains/gcc-arm-none-eabi-9-2020-q2-update/bin/../lib/gcc/arm-none-eabi/9.3.1/thumb/v7-m/nofp/:/home/vishnu/tools/toolchains/gcc-arm-none-eabi-9-2020-q2-update/bin/../lib/gcc/arm-none-eabi/9.3.1/../../../../arm-none-eabi/lib/thumb/v7-m/nofp/:/home/vishnu/tools/toolchains/gcc-arm-none-eabi-9-2020-q2-update/bin/../arm-none-eabi/lib/thumb/v7-m/nofp/:/home/vishnu/tools/toolchains/gcc-arm-none-eabi-9-2020-q2-update/bin/../lib/gcc/arm-none-eabi/9.3.1/:/home/vishnu/tools/toolchains/gcc-arm-none-eabi-9-2020-q2-update/bin/../lib/gcc/:/home/vishnu/tools/toolchains/gcc-arm-none-eabi-9-2020-q2-update/bin/../lib/gcc/arm-none-eabi/9.3.1/../../../../arm-none-eabi/lib/:/home/vishnu/tools/toolchains/gcc-arm-none-eabi-9-2020-q2-update/bin/../arm-none-eabi/lib/]
  ignore line: [COLLECT_GCC_OPTIONS='-mcpu=cortex-m3' '-mfloat-abi=soft' '-mabi=aapcs' '-mthumb' '-std=gnu11' '-fno-builtin' '-Wall' '-Werror' '-Wfatal-errors' '-ffunction-sections' '-fdata-sections' '-fno-exceptions' '-fstack-usage' '-specs=nano.specs' '-fomit-frame-pointer' '-fno-unroll-loops' '-ffast-math' '-ftree-vectorize' '-v' '-o' 'CMakeFiles/cmTC_b1009.dir/CMakeCCompilerABI.c.obj' '-c' '-march=armv7-m']
  ignore line: [Linking C static library libcmTC_b1009.a]
  ignore line: [/usr/bin/cmake -P CMakeFiles/cmTC_b1009.dir/cmake_clean_target.cmake]
  ignore line: [/usr/bin/cmake -E cmake_link_script CMakeFiles/cmTC_b1009.dir/link.txt --verbose=1]
  ignore line: [/home/vishnu/tools/toolchains/gcc-arm-none-eabi-9-2020-q2-update/bin/arm-none-eabi-ar qc libcmTC_b1009.a  CMakeFiles/cmTC_b1009.dir/CMakeCCompilerABI.c.obj]
  ignore line: [/home/vishnu/tools/toolchains/gcc-arm-none-eabi-9-2020-q2-update/bin/arm-none-eabi-ranlib libcmTC_b1009.a]
  ignore line: [make[4]: Leaving directory '/home/Ancit/Git_STM_cmake_gtest/STM32F1_cmake_gtest/stm32-cmake-blinking-led/build/stm32/src/stm32-build/CMakeFiles/CMakeTmp']
  ignore line: [make[3]: Leaving directory '/home/Ancit/Git_STM_cmake_gtest/STM32F1_cmake_gtest/stm32-cmake-blinking-led/build/stm32/src/stm32-build/CMakeFiles/CMakeTmp']
  ignore line: []
  ignore line: []
  implicit libs: []
  implicit dirs: []
  implicit fwks: []


Determining if the CXX compiler works passed with the following output:
Change Dir: /home/Ancit/Git_STM_cmake_gtest/STM32F1_cmake_gtest/stm32-cmake-blinking-led/build/stm32/src/stm32-build/CMakeFiles/CMakeTmp

Run Build Command(s):/usr/bin/make cmTC_5087f/fast && make[3]: Entering directory '/home/Ancit/Git_STM_cmake_gtest/STM32F1_cmake_gtest/stm32-cmake-blinking-led/build/stm32/src/stm32-build/CMakeFiles/CMakeTmp'
/usr/bin/make -f CMakeFiles/cmTC_5087f.dir/build.make CMakeFiles/cmTC_5087f.dir/build
make[4]: Entering directory '/home/Ancit/Git_STM_cmake_gtest/STM32F1_cmake_gtest/stm32-cmake-blinking-led/build/stm32/src/stm32-build/CMakeFiles/CMakeTmp'
Building CXX object CMakeFiles/cmTC_5087f.dir/testCXXCompiler.cxx.obj
/home/vishnu/tools/toolchains/gcc-arm-none-eabi-9-2020-q2-update/bin/arm-none-eabi-g++    -mcpu=cortex-m3 -mfloat-abi=soft -mabi=aapcs -mthumb -fno-builtin -Wall -Werror -Wfatal-errors -ffunction-sections -fdata-sections -fno-exceptions -fno-rtti -fno-threadsafe-statics -fno-use-cxa-atexit -fstack-usage --specs=nano.specs -fomit-frame-pointer -fno-unroll-loops -ffast-math -ftree-vectorize    -o CMakeFiles/cmTC_5087f.dir/testCXXCompiler.cxx.obj -c /home/Ancit/Git_STM_cmake_gtest/STM32F1_cmake_gtest/stm32-cmake-blinking-led/build/stm32/src/stm32-build/CMakeFiles/CMakeTmp/testCXXCompiler.cxx
Linking CXX static library libcmTC_5087f.a
/usr/bin/cmake -P CMakeFiles/cmTC_5087f.dir/cmake_clean_target.cmake
/usr/bin/cmake -E cmake_link_script CMakeFiles/cmTC_5087f.dir/link.txt --verbose=1
/home/vishnu/tools/toolchains/gcc-arm-none-eabi-9-2020-q2-update/bin/arm-none-eabi-ar qc libcmTC_5087f.a  CMakeFiles/cmTC_5087f.dir/testCXXCompiler.cxx.obj
/home/vishnu/tools/toolchains/gcc-arm-none-eabi-9-2020-q2-update/bin/arm-none-eabi-ranlib libcmTC_5087f.a
make[4]: Leaving directory '/home/Ancit/Git_STM_cmake_gtest/STM32F1_cmake_gtest/stm32-cmake-blinking-led/build/stm32/src/stm32-build/CMakeFiles/CMakeTmp'
make[3]: Leaving directory '/home/Ancit/Git_STM_cmake_gtest/STM32F1_cmake_gtest/stm32-cmake-blinking-led/build/stm32/src/stm32-build/CMakeFiles/CMakeTmp'



Detecting CXX compiler ABI info compiled with the following output:
Change Dir: /home/Ancit/Git_STM_cmake_gtest/STM32F1_cmake_gtest/stm32-cmake-blinking-led/build/stm32/src/stm32-build/CMakeFiles/CMakeTmp

Run Build Command(s):/usr/bin/make cmTC_6d3b4/fast && make[3]: Entering directory '/home/Ancit/Git_STM_cmake_gtest/STM32F1_cmake_gtest/stm32-cmake-blinking-led/build/stm32/src/stm32-build/CMakeFiles/CMakeTmp'
/usr/bin/make -f CMakeFiles/cmTC_6d3b4.dir/build.make CMakeFiles/cmTC_6d3b4.dir/build
make[4]: Entering directory '/home/Ancit/Git_STM_cmake_gtest/STM32F1_cmake_gtest/stm32-cmake-blinking-led/build/stm32/src/stm32-build/CMakeFiles/CMakeTmp'
Building CXX object CMakeFiles/cmTC_6d3b4.dir/CMakeCXXCompilerABI.cpp.obj
/home/vishnu/tools/toolchains/gcc-arm-none-eabi-9-2020-q2-update/bin/arm-none-eabi-g++    -mcpu=cortex-m3 -mfloat-abi=soft -mabi=aapcs -mthumb -fno-builtin -Wall -Werror -Wfatal-errors -ffunction-sections -fdata-sections -fno-exceptions -fno-rtti -fno-threadsafe-statics -fno-use-cxa-atexit -fstack-usage --specs=nano.specs -fomit-frame-pointer -fno-unroll-loops -ffast-math -ftree-vectorize    -v -o CMakeFiles/cmTC_6d3b4.dir/CMakeCXXCompilerABI.cpp.obj -c /usr/share/cmake-3.16/Modules/CMakeCXXCompilerABI.cpp
Using built-in specs.
Reading specs from /home/vishnu/tools/toolchains/gcc-arm-none-eabi-9-2020-q2-update/bin/../lib/gcc/arm-none-eabi/9.3.1/../../../../arm-none-eabi/lib/nano.specs
rename spec link to nano_link
rename spec link_gcc_c_sequence to nano_link_gcc_c_sequence
rename spec cpp_unique_options to nano_cpp_unique_options
COLLECT_GCC=/home/vishnu/tools/toolchains/gcc-arm-none-eabi-9-2020-q2-update/bin/arm-none-eabi-g++
Target: arm-none-eabi
Configured with: /mnt/workspace/workspace/GCC-9-pipeline/jenkins-GCC-9-pipeline-200_20200521_1590053374/src/gcc/configure --target=arm-none-eabi --prefix=/mnt/workspace/workspace/GCC-9-pipeline/jenkins-GCC-9-pipeline-200_20200521_1590053374/install-native --libexecdir=/mnt/workspace/workspace/GCC-9-pipeline/jenkins-GCC-9-pipeline-200_20200521_1590053374/install-native/lib --infodir=/mnt/workspace/workspace/GCC-9-pipeline/jenkins-GCC-9-pipeline-200_20200521_1590053374/install-native/share/doc/gcc-arm-none-eabi/info --mandir=/mnt/workspace/workspace/GCC-9-pipeline/jenkins-GCC-9-pipeline-200_20200521_1590053374/install-native/share/doc/gcc-arm-none-eabi/man --htmldir=/mnt/workspace/workspace/GCC-9-pipeline/jenkins-GCC-9-pipeline-200_20200521_1590053374/install-native/share/doc/gcc-arm-none-eabi/html --pdfdir=/mnt/workspace/workspace/GCC-9-pipeline/jenkins-GCC-9-pipeline-200_20200521_1590053374/install-native/share/doc/gcc-arm-none-eabi/pdf --enable-languages=c,c++ --enable-plugins --disable-decimal-float --disable-libffi --disable-libgomp --disable-libmudflap --disable-libquadmath --disable-libssp --disable-libstdcxx-pch --disable-nls --disable-shared --disable-threads --disable-tls --with-gnu-as --with-gnu-ld --with-newlib --with-headers=yes --with-python-dir=share/gcc-arm-none-eabi --with-sysroot=/mnt/workspace/workspace/GCC-9-pipeline/jenkins-GCC-9-pipeline-200_20200521_1590053374/install-native/arm-none-eabi --build=x86_64-linux-gnu --host=x86_64-linux-gnu --with-gmp=/mnt/workspace/workspace/GCC-9-pipeline/jenkins-GCC-9-pipeline-200_20200521_1590053374/build-native/host-libs/usr --with-mpfr=/mnt/workspace/workspace/GCC-9-pipeline/jenkins-GCC-9-pipeline-200_20200521_1590053374/build-native/host-libs/usr --with-mpc=/mnt/workspace/workspace/GCC-9-pipeline/jenkins-GCC-9-pipeline-200_20200521_1590053374/build-native/host-libs/usr --with-isl=/mnt/workspace/workspace/GCC-9-pipeline/jenkins-GCC-9-pipeline-200_20200521_1590053374/build-native/host-libs/usr --with-libelf=/mnt/workspace/workspace/GCC-9-pipeline/jenkins-GCC-9-pipeline-200_20200521_1590053374/build-native/host-libs/usr --with-host-libstdcxx='-static-libgcc -Wl,-Bstatic,-lstdc++,-Bdynamic -lm' --with-pkgversion='GNU Arm Embedded Toolchain 9-2020-q2-update' --with-multilib-list=rmprofile,aprofile
Thread model: single
gcc version 9.3.1 20200408 (release) (GNU Arm Embedded Toolchain 9-2020-q2-update) 
COLLECT_GCC_OPTIONS='-mcpu=cortex-m3' '-mfloat-abi=soft' '-mabi=aapcs' '-mthumb' '-fno-builtin' '-Wall' '-Werror' '-Wfatal-errors' '-ffunction-sections' '-fdata-sections' '-fno-exceptions' '-fno-rtti' '-fno-threadsafe-statics' '-fno-use-cxa-atexit' '-fstack-usage' '-specs=nano.specs' '-fomit-frame-pointer' '-fno-unroll-loops' '-ffast-math' '-ftree-vectorize' '-v' '-o' 'CMakeFiles/cmTC_6d3b4.dir/CMakeCXXCompilerABI.cpp.obj' '-c' '-march=armv7-m'
 /home/vishnu/tools/toolchains/gcc-arm-none-eabi-9-2020-q2-update/bin/../lib/gcc/arm-none-eabi/9.3.1/cc1plus -isystem =/include/newlib-nano -quiet -v -imultilib thumb/v7-m/nofp -iprefix /home/vishnu/tools/toolchains/gcc-arm-none-eabi-9-2020-q2-update/bin/../lib/gcc/arm-none-eabi/9.3.1/ -isysroot /home/vishnu/tools/toolchains/gcc-arm-none-eabi-9-2020-q2-update/bin/../arm-none-eabi -D__USES_INITFINI__ /usr/share/cmake-3.16/Modules/CMakeCXXCompilerABI.cpp -quiet -dumpbase CMakeCXXCompilerABI.cpp -mcpu=cortex-m3 -mfloat-abi=soft -mabi=aapcs -mthumb -march=armv7-m -auxbase-strip CMakeFiles/cmTC_6d3b4.dir/CMakeCXXCompilerABI.cpp.obj -Wall -Werror -Wfatal-errors -version -fno-builtin -ffunction-sections -fdata-sections -fno-exceptions -fno-rtti -fno-threadsafe-statics -fno-use-cxa-atexit -fstack-usage -fomit-frame-pointer -fno-unroll-loops -ffast-math -ftree-vectorize -o /tmp/ccQN3ieu.s
GNU C++14 (GNU Arm Embedded Toolchain 9-2020-q2-update) version 9.3.1 20200408 (release) (arm-none-eabi)
	compiled by GNU C version 4.8.4, GMP version 6.1.0, MPFR version 3.1.4, MPC version 1.0.3, isl version isl-0.18-GMP

GGC heuristics: --param ggc-min-expand=100 --param ggc-min-heapsize=131072
ignoring duplicate directory "/home/vishnu/tools/toolchains/gcc-arm-none-eabi-9-2020-q2-update/bin/../lib/gcc/../../lib/gcc/arm-none-eabi/9.3.1/../../../../arm-none-eabi/include/c++/9.3.1"
ignoring duplicate directory "/home/vishnu/tools/toolchains/gcc-arm-none-eabi-9-2020-q2-update/bin/../lib/gcc/../../lib/gcc/arm-none-eabi/9.3.1/../../../../arm-none-eabi/include/c++/9.3.1/arm-none-eabi/thumb/v7-m/nofp"
ignoring duplicate directory "/home/vishnu/tools/toolchains/gcc-arm-none-eabi-9-2020-q2-update/bin/../lib/gcc/../../lib/gcc/arm-none-eabi/9.3.1/../../../../arm-none-eabi/include/c++/9.3.1/backward"
ignoring duplicate directory "/home/vishnu/tools/toolchains/gcc-arm-none-eabi-9-2020-q2-update/bin/../lib/gcc/../../lib/gcc/arm-none-eabi/9.3.1/include"
ignoring nonexistent directory "/home/vishnu/tools/toolchains/gcc-arm-none-eabi-9-2020-q2-update/bin/../arm-none-eabi/usr/local/include"
ignoring duplicate directory "/home/vishnu/tools/toolchains/gcc-arm-none-eabi-9-2020-q2-update/bin/../lib/gcc/../../lib/gcc/arm-none-eabi/9.3.1/include-fixed"
ignoring duplicate directory "/home/vishnu/tools/toolchains/gcc-arm-none-eabi-9-2020-q2-update/bin/../lib/gcc/../../lib/gcc/arm-none-eabi/9.3.1/../../../../arm-none-eabi/include"
ignoring nonexistent directory "/home/vishnu/tools/toolchains/gcc-arm-none-eabi-9-2020-q2-update/bin/../arm-none-eabi/usr/include"
#include "..." search starts here:
#include <...> search starts here:
 /home/vishnu/tools/toolchains/gcc-arm-none-eabi-9-2020-q2-update/bin/../arm-none-eabi/include/newlib-nano
 /home/vishnu/tools/toolchains/gcc-arm-none-eabi-9-2020-q2-update/bin/../lib/gcc/arm-none-eabi/9.3.1/../../../../arm-none-eabi/include/c++/9.3.1
 /home/vishnu/tools/toolchains/gcc-arm-none-eabi-9-2020-q2-update/bin/../lib/gcc/arm-none-eabi/9.3.1/../../../../arm-none-eabi/include/c++/9.3.1/arm-none-eabi/thumb/v7-m/nofp
 /home/vishnu/tools/toolchains/gcc-arm-none-eabi-9-2020-q2-update/bin/../lib/gcc/arm-none-eabi/9.3.1/../../../../arm-none-eabi/include/c++/9.3.1/backward
 /home/vishnu/tools/toolchains/gcc-arm-none-eabi-9-2020-q2-update/bin/../lib/gcc/arm-none-eabi/9.3.1/include
 /home/vishnu/tools/toolchains/gcc-arm-none-eabi-9-2020-q2-update/bin/../lib/gcc/arm-none-eabi/9.3.1/include-fixed
 /home/vishnu/tools/toolchains/gcc-arm-none-eabi-9-2020-q2-update/bin/../lib/gcc/arm-none-eabi/9.3.1/../../../../arm-none-eabi/include
End of search list.
GNU C++14 (GNU Arm Embedded Toolchain 9-2020-q2-update) version 9.3.1 20200408 (release) (arm-none-eabi)
	compiled by GNU C version 4.8.4, GMP version 6.1.0, MPFR version 3.1.4, MPC version 1.0.3, isl version isl-0.18-GMP

GGC heuristics: --param ggc-min-expand=100 --param ggc-min-heapsize=131072
Compiler executable checksum: 3cb932f70daa6671a7d108190c88329f
COLLECT_GCC_OPTIONS='-mcpu=cortex-m3' '-mfloat-abi=soft' '-mabi=aapcs' '-mthumb' '-fno-builtin' '-Wall' '-Werror' '-Wfatal-errors' '-ffunction-sections' '-fdata-sections' '-fno-exceptions' '-fno-rtti' '-fno-threadsafe-statics' '-fno-use-cxa-atexit' '-fstack-usage' '-specs=nano.specs' '-fomit-frame-pointer' '-fno-unroll-loops' '-ffast-math' '-ftree-vectorize' '-v' '-o' 'CMakeFiles/cmTC_6d3b4.dir/CMakeCXXCompilerABI.cpp.obj' '-c' '-march=armv7-m'
 /home/vishnu/tools/toolchains/gcc-arm-none-eabi-9-2020-q2-update/bin/../lib/gcc/arm-none-eabi/9.3.1/../../../../arm-none-eabi/bin/as -v -march=armv7-m -mfloat-abi=soft -meabi=5 -o CMakeFiles/cmTC_6d3b4.dir/CMakeCXXCompilerABI.cpp.obj /tmp/ccQN3ieu.s
GNU assembler version 2.34.0 (arm-none-eabi) using BFD version (GNU Arm Embedded Toolchain 9-2020-q2-update) 2.34.0.20200428
COMPILER_PATH=/home/vishnu/tools/toolchains/gcc-arm-none-eabi-9-2020-q2-update/bin/../lib/gcc/arm-none-eabi/9.3.1/:/home/vishnu/tools/toolchains/gcc-arm-none-eabi-9-2020-q2-update/bin/../lib/gcc/:/home/vishnu/tools/toolchains/gcc-arm-none-eabi-9-2020-q2-update/bin/../lib/gcc/arm-none-eabi/9.3.1/../../../../arm-none-eabi/bin/
LIBRARY_PATH=/home/vishnu/tools/toolchains/gcc-arm-none-eabi-9-2020-q2-update/bin/../lib/gcc/arm-none-eabi/9.3.1/thumb/v7-m/nofp/:/home/vishnu/tools/toolchains/gcc-arm-none-eabi-9-2020-q2-update/bin/../lib/gcc/arm-none-eabi/9.3.1/../../../../arm-none-eabi/lib/thumb/v7-m/nofp/:/home/vishnu/tools/toolchains/gcc-arm-none-eabi-9-2020-q2-update/bin/../arm-none-eabi/lib/thumb/v7-m/nofp/:/home/vishnu/tools/toolchains/gcc-arm-none-eabi-9-2020-q2-update/bin/../lib/gcc/arm-none-eabi/9.3.1/:/home/vishnu/tools/toolchains/gcc-arm-none-eabi-9-2020-q2-update/bin/../lib/gcc/:/home/vishnu/tools/toolchains/gcc-arm-none-eabi-9-2020-q2-update/bin/../lib/gcc/arm-none-eabi/9.3.1/../../../../arm-none-eabi/lib/:/home/vishnu/tools/toolchains/gcc-arm-none-eabi-9-2020-q2-update/bin/../arm-none-eabi/lib/
COLLECT_GCC_OPTIONS='-mcpu=cortex-m3' '-mfloat-abi=soft' '-mabi=aapcs' '-mthumb' '-fno-builtin' '-Wall' '-Werror' '-Wfatal-errors' '-ffunction-sections' '-fdata-sections' '-fno-exceptions' '-fno-rtti' '-fno-threadsafe-statics' '-fno-use-cxa-atexit' '-fstack-usage' '-specs=nano.specs' '-fomit-frame-pointer' '-fno-unroll-loops' '-ffast-math' '-ftree-vectorize' '-v' '-o' 'CMakeFiles/cmTC_6d3b4.dir/CMakeCXXCompilerABI.cpp.obj' '-c' '-march=armv7-m'
Linking CXX static library libcmTC_6d3b4.a
/usr/bin/cmake -P CMakeFiles/cmTC_6d3b4.dir/cmake_clean_target.cmake
/usr/bin/cmake -E cmake_link_script CMakeFiles/cmTC_6d3b4.dir/link.txt --verbose=1
/home/vishnu/tools/toolchains/gcc-arm-none-eabi-9-2020-q2-update/bin/arm-none-eabi-ar qc libcmTC_6d3b4.a  CMakeFiles/cmTC_6d3b4.dir/CMakeCXXCompilerABI.cpp.obj
/home/vishnu/tools/toolchains/gcc-arm-none-eabi-9-2020-q2-update/bin/arm-none-eabi-ranlib libcmTC_6d3b4.a
make[4]: Leaving directory '/home/Ancit/Git_STM_cmake_gtest/STM32F1_cmake_gtest/stm32-cmake-blinking-led/build/stm32/src/stm32-build/CMakeFiles/CMakeTmp'
make[3]: Leaving directory '/home/Ancit/Git_STM_cmake_gtest/STM32F1_cmake_gtest/stm32-cmake-blinking-led/build/stm32/src/stm32-build/CMakeFiles/CMakeTmp'



Parsed CXX implicit include dir info from above output: rv=done
  found start of include info
  found start of implicit include info
    add: [/home/vishnu/tools/toolchains/gcc-arm-none-eabi-9-2020-q2-update/bin/../arm-none-eabi/include/newlib-nano]
    add: [/home/vishnu/tools/toolchains/gcc-arm-none-eabi-9-2020-q2-update/bin/../lib/gcc/arm-none-eabi/9.3.1/../../../../arm-none-eabi/include/c++/9.3.1]
    add: [/home/vishnu/tools/toolchains/gcc-arm-none-eabi-9-2020-q2-update/bin/../lib/gcc/arm-none-eabi/9.3.1/../../../../arm-none-eabi/include/c++/9.3.1/arm-none-eabi/thumb/v7-m/nofp]
    add: [/home/vishnu/tools/toolchains/gcc-arm-none-eabi-9-2020-q2-update/bin/../lib/gcc/arm-none-eabi/9.3.1/../../../../arm-none-eabi/include/c++/9.3.1/backward]
    add: [/home/vishnu/tools/toolchains/gcc-arm-none-eabi-9-2020-q2-update/bin/../lib/gcc/arm-none-eabi/9.3.1/include]
    add: [/home/vishnu/tools/toolchains/gcc-arm-none-eabi-9-2020-q2-update/bin/../lib/gcc/arm-none-eabi/9.3.1/include-fixed]
    add: [/home/vishnu/tools/toolchains/gcc-arm-none-eabi-9-2020-q2-update/bin/../lib/gcc/arm-none-eabi/9.3.1/../../../../arm-none-eabi/include]
  end of search list found
  collapse include dir [/home/vishnu/tools/toolchains/gcc-arm-none-eabi-9-2020-q2-update/bin/../arm-none-eabi/include/newlib-nano] ==> [/home/vishnu/tools/toolchains/gcc-arm-none-eabi-9-2020-q2-update/arm-none-eabi/include/newlib-nano]
  collapse include dir [/home/vishnu/tools/toolchains/gcc-arm-none-eabi-9-2020-q2-update/bin/../lib/gcc/arm-none-eabi/9.3.1/../../../../arm-none-eabi/include/c++/9.3.1] ==> [/home/vishnu/tools/toolchains/gcc-arm-none-eabi-9-2020-q2-update/arm-none-eabi/include/c++/9.3.1]
  collapse include dir [/home/vishnu/tools/toolchains/gcc-arm-none-eabi-9-2020-q2-update/bin/../lib/gcc/arm-none-eabi/9.3.1/../../../../arm-none-eabi/include/c++/9.3.1/arm-none-eabi/thumb/v7-m/nofp] ==> [/home/vishnu/tools/toolchains/gcc-arm-none-eabi-9-2020-q2-update/arm-none-eabi/include/c++/9.3.1/arm-none-eabi/thumb/v7-m/nofp]
  collapse include dir [/home/vishnu/tools/toolchains/gcc-arm-none-eabi-9-2020-q2-update/bin/../lib/gcc/arm-none-eabi/9.3.1/../../../../arm-none-eabi/include/c++/9.3.1/backward] ==> [/home/vishnu/tools/toolchains/gcc-arm-none-eabi-9-2020-q2-update/arm-none-eabi/include/c++/9.3.1/backward]
  collapse include dir [/home/vishnu/tools/toolchains/gcc-arm-none-eabi-9-2020-q2-update/bin/../lib/gcc/arm-none-eabi/9.3.1/include] ==> [/home/vishnu/tools/toolchains/gcc-arm-none-eabi-9-2020-q2-update/lib/gcc/arm-none-eabi/9.3.1/include]
  collapse include dir [/home/vishnu/tools/toolchains/gcc-arm-none-eabi-9-2020-q2-update/bin/../lib/gcc/arm-none-eabi/9.3.1/include-fixed] ==> [/home/vishnu/tools/toolchains/gcc-arm-none-eabi-9-2020-q2-update/lib/gcc/arm-none-eabi/9.3.1/include-fixed]
  collapse include dir [/home/vishnu/tools/toolchains/gcc-arm-none-eabi-9-2020-q2-update/bin/../lib/gcc/arm-none-eabi/9.3.1/../../../../arm-none-eabi/include] ==> [/home/vishnu/tools/toolchains/gcc-arm-none-eabi-9-2020-q2-update/arm-none-eabi/include]
  implicit include dirs: [/home/vishnu/tools/toolchains/gcc-arm-none-eabi-9-2020-q2-update/arm-none-eabi/include/newlib-nano;/home/vishnu/tools/toolchains/gcc-arm-none-eabi-9-2020-q2-update/arm-none-eabi/include/c++/9.3.1;/home/vishnu/tools/toolchains/gcc-arm-none-eabi-9-2020-q2-update/arm-none-eabi/include/c++/9.3.1/arm-none-eabi/thumb/v7-m/nofp;/home/vishnu/tools/toolchains/gcc-arm-none-eabi-9-2020-q2-update/arm-none-eabi/include/c++/9.3.1/backward;/home/vishnu/tools/toolchains/gcc-arm-none-eabi-9-2020-q2-update/lib/gcc/arm-none-eabi/9.3.1/include;/home/vishnu/tools/toolchains/gcc-arm-none-eabi-9-2020-q2-update/lib/gcc/arm-none-eabi/9.3.1/include-fixed;/home/vishnu/tools/toolchains/gcc-arm-none-eabi-9-2020-q2-update/arm-none-eabi/include]


Parsed CXX implicit link information from above output:
  link line regex: [^( *|.*[/\])(arm-none-eabi-ld|CMAKE_LINK_STARTFILE-NOTFOUND|([^/\]+-)?ld|collect2)[^/\]*( |$)]
  ignore line: [Change Dir: /home/Ancit/Git_STM_cmake_gtest/STM32F1_cmake_gtest/stm32-cmake-blinking-led/build/stm32/src/stm32-build/CMakeFiles/CMakeTmp]
  ignore line: []
  ignore line: [Run Build Command(s):/usr/bin/make cmTC_6d3b4/fast && make[3]: Entering directory '/home/Ancit/Git_STM_cmake_gtest/STM32F1_cmake_gtest/stm32-cmake-blinking-led/build/stm32/src/stm32-build/CMakeFiles/CMakeTmp']
  ignore line: [/usr/bin/make -f CMakeFiles/cmTC_6d3b4.dir/build.make CMakeFiles/cmTC_6d3b4.dir/build]
  ignore line: [make[4]: Entering directory '/home/Ancit/Git_STM_cmake_gtest/STM32F1_cmake_gtest/stm32-cmake-blinking-led/build/stm32/src/stm32-build/CMakeFiles/CMakeTmp']
  ignore line: [Building CXX object CMakeFiles/cmTC_6d3b4.dir/CMakeCXXCompilerABI.cpp.obj]
  ignore line: [/home/vishnu/tools/toolchains/gcc-arm-none-eabi-9-2020-q2-update/bin/arm-none-eabi-g++    -mcpu=cortex-m3 -mfloat-abi=soft -mabi=aapcs -mthumb -fno-builtin -Wall -Werror -Wfatal-errors -ffunction-sections -fdata-sections -fno-exceptions -fno-rtti -fno-threadsafe-statics -fno-use-cxa-atexit -fstack-usage --specs=nano.specs -fomit-frame-pointer -fno-unroll-loops -ffast-math -ftree-vectorize    -v -o CMakeFiles/cmTC_6d3b4.dir/CMakeCXXCompilerABI.cpp.obj -c /usr/share/cmake-3.16/Modules/CMakeCXXCompilerABI.cpp]
  ignore line: [Using built-in specs.]
  ignore line: [Reading specs from /home/vishnu/tools/toolchains/gcc-arm-none-eabi-9-2020-q2-update/bin/../lib/gcc/arm-none-eabi/9.3.1/../../../../arm-none-eabi/lib/nano.specs]
  ignore line: [rename spec link to nano_link]
  ignore line: [rename spec link_gcc_c_sequence to nano_link_gcc_c_sequence]
  ignore line: [rename spec cpp_unique_options to nano_cpp_unique_options]
  ignore line: [COLLECT_GCC=/home/vishnu/tools/toolchains/gcc-arm-none-eabi-9-2020-q2-update/bin/arm-none-eabi-g++]
  ignore line: [Target: arm-none-eabi]
  ignore line: [Configured with: /mnt/workspace/workspace/GCC-9-pipeline/jenkins-GCC-9-pipeline-200_20200521_1590053374/src/gcc/configure --target=arm-none-eabi --prefix=/mnt/workspace/workspace/GCC-9-pipeline/jenkins-GCC-9-pipeline-200_20200521_1590053374/install-native --libexecdir=/mnt/workspace/workspace/GCC-9-pipeline/jenkins-GCC-9-pipeline-200_20200521_1590053374/install-native/lib --infodir=/mnt/workspace/workspace/GCC-9-pipeline/jenkins-GCC-9-pipeline-200_20200521_1590053374/install-native/share/doc/gcc-arm-none-eabi/info --mandir=/mnt/workspace/workspace/GCC-9-pipeline/jenkins-GCC-9-pipeline-200_20200521_1590053374/install-native/share/doc/gcc-arm-none-eabi/man --htmldir=/mnt/workspace/workspace/GCC-9-pipeline/jenkins-GCC-9-pipeline-200_20200521_1590053374/install-native/share/doc/gcc-arm-none-eabi/html --pdfdir=/mnt/workspace/workspace/GCC-9-pipeline/jenkins-GCC-9-pipeline-200_20200521_1590053374/install-native/share/doc/gcc-arm-none-eabi/pdf --enable-languages=c,c++ --enable-plugins --disable-decimal-float --disable-libffi --disable-libgomp --disable-libmudflap --disable-libquadmath --disable-libssp --disable-libstdcxx-pch --disable-nls --disable-shared --disable-threads --disable-tls --with-gnu-as --with-gnu-ld --with-newlib --with-headers=yes --with-python-dir=share/gcc-arm-none-eabi --with-sysroot=/mnt/workspace/workspace/GCC-9-pipeline/jenkins-GCC-9-pipeline-200_20200521_1590053374/install-native/arm-none-eabi --build=x86_64-linux-gnu --host=x86_64-linux-gnu --with-gmp=/mnt/workspace/workspace/GCC-9-pipeline/jenkins-GCC-9-pipeline-200_20200521_1590053374/build-native/host-libs/usr --with-mpfr=/mnt/workspace/workspace/GCC-9-pipeline/jenkins-GCC-9-pipeline-200_20200521_1590053374/build-native/host-libs/usr --with-mpc=/mnt/workspace/workspace/GCC-9-pipeline/jenkins-GCC-9-pipeline-200_20200521_1590053374/build-native/host-libs/usr --with-isl=/mnt/workspace/workspace/GCC-9-pipeline/jenkins-GCC-9-pipeline-200_20200521_1590053374/build-native/host-libs/usr --with-libelf=/mnt/workspace/workspace/GCC-9-pipeline/jenkins-GCC-9-pipeline-200_20200521_1590053374/build-native/host-libs/usr --with-host-libstdcxx='-static-libgcc -Wl,-Bstatic,-lstdc++,-Bdynamic -lm' --with-pkgversion='GNU Arm Embedded Toolchain 9-2020-q2-update' --with-multilib-list=rmprofile,aprofile]
  ignore line: [Thread model: single]
  ignore line: [gcc version 9.3.1 20200408 (release) (GNU Arm Embedded Toolchain 9-2020-q2-update) ]
  ignore line: [COLLECT_GCC_OPTIONS='-mcpu=cortex-m3' '-mfloat-abi=soft' '-mabi=aapcs' '-mthumb' '-fno-builtin' '-Wall' '-Werror' '-Wfatal-errors' '-ffunction-sections' '-fdata-sections' '-fno-exceptions' '-fno-rtti' '-fno-threadsafe-statics' '-fno-use-cxa-atexit' '-fstack-usage' '-specs=nano.specs' '-fomit-frame-pointer' '-fno-unroll-loops' '-ffast-math' '-ftree-vectorize' '-v' '-o' 'CMakeFiles/cmTC_6d3b4.dir/CMakeCXXCompilerABI.cpp.obj' '-c' '-march=armv7-m']
  ignore line: [ /home/vishnu/tools/toolchains/gcc-arm-none-eabi-9-2020-q2-update/bin/../lib/gcc/arm-none-eabi/9.3.1/cc1plus -isystem =/include/newlib-nano -quiet -v -imultilib thumb/v7-m/nofp -iprefix /home/vishnu/tools/toolchains/gcc-arm-none-eabi-9-2020-q2-update/bin/../lib/gcc/arm-none-eabi/9.3.1/ -isysroot /home/vishnu/tools/toolchains/gcc-arm-none-eabi-9-2020-q2-update/bin/../arm-none-eabi -D__USES_INITFINI__ /usr/share/cmake-3.16/Modules/CMakeCXXCompilerABI.cpp -quiet -dumpbase CMakeCXXCompilerABI.cpp -mcpu=cortex-m3 -mfloat-abi=soft -mabi=aapcs -mthumb -march=armv7-m -auxbase-strip CMakeFiles/cmTC_6d3b4.dir/CMakeCXXCompilerABI.cpp.obj -Wall -Werror -Wfatal-errors -version -fno-builtin -ffunction-sections -fdata-sections -fno-exceptions -fno-rtti -fno-threadsafe-statics -fno-use-cxa-atexit -fstack-usage -fomit-frame-pointer -fno-unroll-loops -ffast-math -ftree-vectorize -o /tmp/ccQN3ieu.s]
  ignore line: [GNU C++14 (GNU Arm Embedded Toolchain 9-2020-q2-update) version 9.3.1 20200408 (release) (arm-none-eabi)]
  ignore line: [	compiled by GNU C version 4.8.4  GMP version 6.1.0  MPFR version 3.1.4  MPC version 1.0.3  isl version isl-0.18-GMP]
  ignore line: []
  ignore line: [GGC heuristics: --param ggc-min-expand=100 --param ggc-min-heapsize=131072]
  ignore line: [ignoring duplicate directory "/home/vishnu/tools/toolchains/gcc-arm-none-eabi-9-2020-q2-update/bin/../lib/gcc/../../lib/gcc/arm-none-eabi/9.3.1/../../../../arm-none-eabi/include/c++/9.3.1"]
  ignore line: [ignoring duplicate directory "/home/vishnu/tools/toolchains/gcc-arm-none-eabi-9-2020-q2-update/bin/../lib/gcc/../../lib/gcc/arm-none-eabi/9.3.1/../../../../arm-none-eabi/include/c++/9.3.1/arm-none-eabi/thumb/v7-m/nofp"]
  ignore line: [ignoring duplicate directory "/home/vishnu/tools/toolchains/gcc-arm-none-eabi-9-2020-q2-update/bin/../lib/gcc/../../lib/gcc/arm-none-eabi/9.3.1/../../../../arm-none-eabi/include/c++/9.3.1/backward"]
  ignore line: [ignoring duplicate directory "/home/vishnu/tools/toolchains/gcc-arm-none-eabi-9-2020-q2-update/bin/../lib/gcc/../../lib/gcc/arm-none-eabi/9.3.1/include"]
  ignore line: [ignoring nonexistent directory "/home/vishnu/tools/toolchains/gcc-arm-none-eabi-9-2020-q2-update/bin/../arm-none-eabi/usr/local/include"]
  ignore line: [ignoring duplicate directory "/home/vishnu/tools/toolchains/gcc-arm-none-eabi-9-2020-q2-update/bin/../lib/gcc/../../lib/gcc/arm-none-eabi/9.3.1/include-fixed"]
  ignore line: [ignoring duplicate directory "/home/vishnu/tools/toolchains/gcc-arm-none-eabi-9-2020-q2-update/bin/../lib/gcc/../../lib/gcc/arm-none-eabi/9.3.1/../../../../arm-none-eabi/include"]
  ignore line: [ignoring nonexistent directory "/home/vishnu/tools/toolchains/gcc-arm-none-eabi-9-2020-q2-update/bin/../arm-none-eabi/usr/include"]
  ignore line: [#include "..." search starts here:]
  ignore line: [#include <...> search starts here:]
  ignore line: [ /home/vishnu/tools/toolchains/gcc-arm-none-eabi-9-2020-q2-update/bin/../arm-none-eabi/include/newlib-nano]
  ignore line: [ /home/vishnu/tools/toolchains/gcc-arm-none-eabi-9-2020-q2-update/bin/../lib/gcc/arm-none-eabi/9.3.1/../../../../arm-none-eabi/include/c++/9.3.1]
  ignore line: [ /home/vishnu/tools/toolchains/gcc-arm-none-eabi-9-2020-q2-update/bin/../lib/gcc/arm-none-eabi/9.3.1/../../../../arm-none-eabi/include/c++/9.3.1/arm-none-eabi/thumb/v7-m/nofp]
  ignore line: [ /home/vishnu/tools/toolchains/gcc-arm-none-eabi-9-2020-q2-update/bin/../lib/gcc/arm-none-eabi/9.3.1/../../../../arm-none-eabi/include/c++/9.3.1/backward]
  ignore line: [ /home/vishnu/tools/toolchains/gcc-arm-none-eabi-9-2020-q2-update/bin/../lib/gcc/arm-none-eabi/9.3.1/include]
  ignore line: [ /home/vishnu/tools/toolchains/gcc-arm-none-eabi-9-2020-q2-update/bin/../lib/gcc/arm-none-eabi/9.3.1/include-fixed]
  ignore line: [ /home/vishnu/tools/toolchains/gcc-arm-none-eabi-9-2020-q2-update/bin/../lib/gcc/arm-none-eabi/9.3.1/../../../../arm-none-eabi/include]
  ignore line: [End of search list.]
  ignore line: [GNU C++14 (GNU Arm Embedded Toolchain 9-2020-q2-update) version 9.3.1 20200408 (release) (arm-none-eabi)]
  ignore line: [	compiled by GNU C version 4.8.4  GMP version 6.1.0  MPFR version 3.1.4  MPC version 1.0.3  isl version isl-0.18-GMP]
  ignore line: []
  ignore line: [GGC heuristics: --param ggc-min-expand=100 --param ggc-min-heapsize=131072]
  ignore line: [Compiler executable checksum: 3cb932f70daa6671a7d108190c88329f]
  ignore line: [COLLECT_GCC_OPTIONS='-mcpu=cortex-m3' '-mfloat-abi=soft' '-mabi=aapcs' '-mthumb' '-fno-builtin' '-Wall' '-Werror' '-Wfatal-errors' '-ffunction-sections' '-fdata-sections' '-fno-exceptions' '-fno-rtti' '-fno-threadsafe-statics' '-fno-use-cxa-atexit' '-fstack-usage' '-specs=nano.specs' '-fomit-frame-pointer' '-fno-unroll-loops' '-ffast-math' '-ftree-vectorize' '-v' '-o' 'CMakeFiles/cmTC_6d3b4.dir/CMakeCXXCompilerABI.cpp.obj' '-c' '-march=armv7-m']
  ignore line: [ /home/vishnu/tools/toolchains/gcc-arm-none-eabi-9-2020-q2-update/bin/../lib/gcc/arm-none-eabi/9.3.1/../../../../arm-none-eabi/bin/as -v -march=armv7-m -mfloat-abi=soft -meabi=5 -o CMakeFiles/cmTC_6d3b4.dir/CMakeCXXCompilerABI.cpp.obj /tmp/ccQN3ieu.s]
  ignore line: [GNU assembler version 2.34.0 (arm-none-eabi) using BFD version (GNU Arm Embedded Toolchain 9-2020-q2-update) 2.34.0.20200428]
  ignore line: [COMPILER_PATH=/home/vishnu/tools/toolchains/gcc-arm-none-eabi-9-2020-q2-update/bin/../lib/gcc/arm-none-eabi/9.3.1/:/home/vishnu/tools/toolchains/gcc-arm-none-eabi-9-2020-q2-update/bin/../lib/gcc/:/home/vishnu/tools/toolchains/gcc-arm-none-eabi-9-2020-q2-update/bin/../lib/gcc/arm-none-eabi/9.3.1/../../../../arm-none-eabi/bin/]
  ignore line: [LIBRARY_PATH=/home/vishnu/tools/toolchains/gcc-arm-none-eabi-9-2020-q2-update/bin/../lib/gcc/arm-none-eabi/9.3.1/thumb/v7-m/nofp/:/home/vishnu/tools/toolchains/gcc-arm-none-eabi-9-2020-q2-update/bin/../lib/gcc/arm-none-eabi/9.3.1/../../../../arm-none-eabi/lib/thumb/v7-m/nofp/:/home/vishnu/tools/toolchains/gcc-arm-none-eabi-9-2020-q2-update/bin/../arm-none-eabi/lib/thumb/v7-m/nofp/:/home/vishnu/tools/toolchains/gcc-arm-none-eabi-9-2020-q2-update/bin/../lib/gcc/arm-none-eabi/9.3.1/:/home/vishnu/tools/toolchains/gcc-arm-none-eabi-9-2020-q2-update/bin/../lib/gcc/:/home/vishnu/tools/toolchains/gcc-arm-none-eabi-9-2020-q2-update/bin/../lib/gcc/arm-none-eabi/9.3.1/../../../../arm-none-eabi/lib/:/home/vishnu/tools/toolchains/gcc-arm-none-eabi-9-2020-q2-update/bin/../arm-none-eabi/lib/]
  ignore line: [COLLECT_GCC_OPTIONS='-mcpu=cortex-m3' '-mfloat-abi=soft' '-mabi=aapcs' '-mthumb' '-fno-builtin' '-Wall' '-Werror' '-Wfatal-errors' '-ffunction-sections' '-fdata-sections' '-fno-exceptions' '-fno-rtti' '-fno-threadsafe-statics' '-fno-use-cxa-atexit' '-fstack-usage' '-specs=nano.specs' '-fomit-frame-pointer' '-fno-unroll-loops' '-ffast-math' '-ftree-vectorize' '-v' '-o' 'CMakeFiles/cmTC_6d3b4.dir/CMakeCXXCompilerABI.cpp.obj' '-c' '-march=armv7-m']
  ignore line: [Linking CXX static library libcmTC_6d3b4.a]
  ignore line: [/usr/bin/cmake -P CMakeFiles/cmTC_6d3b4.dir/cmake_clean_target.cmake]
  ignore line: [/usr/bin/cmake -E cmake_link_script CMakeFiles/cmTC_6d3b4.dir/link.txt --verbose=1]
  ignore line: [/home/vishnu/tools/toolchains/gcc-arm-none-eabi-9-2020-q2-update/bin/arm-none-eabi-ar qc libcmTC_6d3b4.a  CMakeFiles/cmTC_6d3b4.dir/CMakeCXXCompilerABI.cpp.obj]
  ignore line: [/home/vishnu/tools/toolchains/gcc-arm-none-eabi-9-2020-q2-update/bin/arm-none-eabi-ranlib libcmTC_6d3b4.a]
  ignore line: [make[4]: Leaving directory '/home/Ancit/Git_STM_cmake_gtest/STM32F1_cmake_gtest/stm32-cmake-blinking-led/build/stm32/src/stm32-build/CMakeFiles/CMakeTmp']
  ignore line: [make[3]: Leaving directory '/home/Ancit/Git_STM_cmake_gtest/STM32F1_cmake_gtest/stm32-cmake-blinking-led/build/stm32/src/stm32-build/CMakeFiles/CMakeTmp']
  ignore line: []
  ignore line: []
  implicit libs: []
  implicit dirs: []
  implicit fwks: []


